<?xml version="1.0" encoding="UTF-8"?>
<!-- Generated by org.testng.reporters.JUnitReportReporter -->
<testsuite hostname="LAPTOP-LHENKSOG" failures="0" tests="1" name="com.DemoWebShop.test.TestAddBookInCart" time="7.040" errors="0" timestamp="2025-07-20T13:39:26 IST" skipped="0">
  <testcase classname="com.DemoWebShop.test.TestAddBookInCart" name="addBookInCart" time="7.040"/>
</testsuite> <!-- com.DemoWebShop.test.TestAddBookInCart -->
