<?xml version="1.0" encoding="UTF-8"?>
<!-- Generated by org.testng.reporters.JUnitReportReporter -->
<testsuite hostname="LAPTOP-LHENKSOG" failures="0" tests="2" name="com.DemoWebShop.test.BaseClass" time="6.202" errors="0" timestamp="2025-05-25T18:43:09 IST" skipped="0">
  <testcase classname="com.DemoWebShop.test.BaseClass" name="tearDown" time="0.112"/>
  <testcase classname="com.DemoWebShop.test.BaseClass" name="setUp" time="6.090"/>
</testsuite> <!-- com.DemoWebShop.test.BaseClass -->
