<?xml version="1.0" encoding="UTF-8"?>
<!-- Generated by org.testng.reporters.JUnitReportReporter -->
<testsuite hostname="LAPTOP-LHENKSOG" failures="0" tests="1" name="com.example.GoogleTest" time="10.429" errors="0" timestamp="2025-07-11T14:28:54 IST" skipped="0">
  <testcase classname="com.example.GoogleTest" name="openGoogle" time="10.429"/>
</testsuite> <!-- com.example.GoogleTest -->
