<?xml version="1.0" encoding="UTF-8"?>
<!-- Generated by org.testng.reporters.JUnitReportReporter -->
<testsuite hostname="LAPTOP-LHENKSOG" failures="0" tests="2" name="com.DemoWebShop.test.TestRegisterNewUser" time="1.811" errors="0" timestamp="2025-07-20T13:39:26 IST" skipped="1">
  <testcase classname="com.DemoWebShop.test.TestRegisterNewUser" name="loginNewUser" time="1.811"/>
  <testcase classname="com.DemoWebShop.test.TestRegisterNewUser" name="registerNewUser">
    <skipped/>
  </testcase> <!-- registerNewUser -->
</testsuite> <!-- com.DemoWebShop.test.TestRegisterNewUser -->
